-------------------------------------------------------------------------------
Test set: com.teqo.SpringKafkaConnect.SpringKafkaConnectApplicationTests
-------------------------------------------------------------------------------
Tests run: 1, Failures: 0, Errors: 1, Skipped: 0, Time elapsed: 1.003 s <<< FAILURE! - in com.teqo.SpringKafkaConnect.SpringKafkaConnectApplicationTests
initializationError(com.teqo.SpringKafkaConnect.SpringKafkaConnectApplicationTests)  Time elapsed: 0.01 s  <<< ERROR!
java.lang.IllegalStateException: Unable to find a @SpringBootConfiguration, you need to use @ContextConfiguration or @SpringBootTest(classes=...) with your test

