<?xml version="1.0" encoding="UTF-8"?>
<testsuite xmlns:xsi="http://www.w3.org/2001/XMLSchema-instance" xsi:noNamespaceSchemaLocation="https://maven.apache.org/surefire/maven-surefire-plugin/xsd/surefire-test-report.xsd" name="com.teqo.SpringKafkaConnect.SpringKafkaConnectApplicationTests" time="1.003" tests="1" errors="1" skipped="0" failures="0">
  <properties>
[...]
</properties>
  <testcase name="initializationError" classname="com.teqo.SpringKafkaConnect.SpringKafkaConnectApplicationTests" time="0.01">
    <error message="Unable to find a @SpringBootConfiguration, you need to use @ContextConfiguration or @SpringBootTest(classes=...) with your test" type="java.lang.IllegalStateException">java.lang.IllegalStateException: Unable to find a @SpringBootConfiguration, you need to use @ContextConfiguration or @SpringBootTest(classes=...) with your test
</error>
    <system-out><![CDATA[14:05:30.042 [main] DEBUG org.springframework.test.context.junit4.SpringJUnit4ClassRunner - SpringJUnit4ClassRunner constructor called with [class com.teqo.SpringKafkaConnect.SpringKafkaConnectApplicationTests]
14:05:30.054 [main] DEBUG org.springframework.test.context.BootstrapUtils - Instantiating CacheAwareContextLoaderDelegate from class [org.springframework.test.context.cache.DefaultCacheAwareContextLoaderDelegate]
14:05:30.103 [main] DEBUG org.springframework.test.context.BootstrapUtils - Instantiating BootstrapContext using constructor [public org.springframework.test.context.support.DefaultBootstrapContext(java.lang.Class,org.springframework.test.context.CacheAwareContextLoaderDelegate)]
14:05:30.136 [main] DEBUG org.springframework.test.context.BootstrapUtils - Instantiating TestContextBootstrapper for test class [com.teqo.SpringKafkaConnect.SpringKafkaConnectApplicationTests] from class [org.springframework.boot.test.context.SpringBootTestContextBootstrapper]
14:05:30.204 [main] INFO org.springframework.boot.test.context.SpringBootTestContextBootstrapper - Neither @ContextConfiguration nor @ContextHierarchy found for test class [com.teqo.SpringKafkaConnect.SpringKafkaConnectApplicationTests], using SpringBootContextLoader
14:05:30.219 [main] DEBUG org.springframework.test.context.support.AbstractContextLoader - Did not detect default resource location for test class [com.teqo.SpringKafkaConnect.SpringKafkaConnectApplicationTests]: class path resource [com/teqo/SpringKafkaConnect/SpringKafkaConnectApplicationTests-context.xml] does not exist
14:05:30.220 [main] DEBUG org.springframework.test.context.support.AbstractContextLoader - Did not detect default resource location for test class [com.teqo.SpringKafkaConnect.SpringKafkaConnectApplicationTests]: class path resource [com/teqo/SpringKafkaConnect/SpringKafkaConnectApplicationTestsContext.groovy] does not exist
14:05:30.220 [main] INFO org.springframework.test.context.support.AbstractContextLoader - Could not detect default resource locations for test class [com.teqo.SpringKafkaConnect.SpringKafkaConnectApplicationTests]: no resource found for suffixes {-context.xml, Context.groovy}.
14:05:30.221 [main] INFO org.springframework.test.context.support.AnnotationConfigContextLoaderUtils - Could not detect default configuration classes for test class [com.teqo.SpringKafkaConnect.SpringKafkaConnectApplicationTests]: SpringKafkaConnectApplicationTests does not declare any static, non-private, non-final, nested classes annotated with @Configuration.
14:05:30.505 [main] DEBUG org.springframework.test.context.support.ActiveProfilesUtils - Could not find an 'annotation declaring class' for annotation type [org.springframework.test.context.ActiveProfiles] and class [com.teqo.SpringKafkaConnect.SpringKafkaConnectApplicationTests]
]]></system-out>
  </testcase>
</testsuite>